<?xml version="1.0" encoding="UTF-8"?>
<!-- Generated by org.testng.reporters.JUnitReportReporter -->
<testsuite hostname="DESKTOP-DA1EA59" failures="0" tests="1" name="MyTestCases" time="4.834" errors="0" timestamp="2024-12-22T19:56:06 EET" skipped="0">
  <testcase classname="MyTestCases" name="myFirstTest" time="4.834"/>
  <system-out/>
</testsuite> <!-- MyTestCases -->
